[INFO 2022-10-15 09:39:45]-----------------------------START: 2022-10-15-09:39:45----------------------------------
[INFO 2022-10-15 09:41:20]-----------------------------START: 2022-10-15-09:41:20----------------------------------
[INFO 2022-10-15 09:43:52]-----------------------------START: 2022-10-15-09:43:52----------------------------------
[INFO 2022-10-15 09:44:20]-----------------------------START: 2022-10-15-09:44:20----------------------------------
[INFO 2022-10-15 09:54:53]-----------------------------END: 2022-10-15-09:44:20------------------------------------
[INFO 2022-10-15 10:12:10]-----------------------------START: 2022-10-15-10:12:10----------------------------------
[INFO 2022-10-15 10:12:15]-----------------------------END: 2022-10-15-10:12:10------------------------------------
[INFO 2022-10-15 10:12:36]-----------------------------START: 2022-10-15-10:12:36----------------------------------
[INFO 2022-10-15 10:12:39]-----------------------------END: 2022-10-15-10:12:36------------------------------------
[INFO 2022-10-15 10:12:58]-----------------------------START: 2022-10-15-10:12:58----------------------------------
[INFO 2022-10-15 10:13:00]-----------------------------END: 2022-10-15-10:12:58------------------------------------
[INFO 2022-10-15 10:13:06]-----------------------------START: 2022-10-15-10:13:06----------------------------------
[INFO 2022-10-15 10:13:09]-----------------------------END: 2022-10-15-10:13:06------------------------------------
[INFO 2022-10-15 10:13:42]-----------------------------START: 2022-10-15-10:13:42----------------------------------
[INFO 2022-10-15 10:13:44]-----------------------------END: 2022-10-15-10:13:42------------------------------------
[INFO 2022-10-15 10:16:08]-----------------------------START: 2022-10-15-10:16:08----------------------------------
[INFO 2022-10-15 10:16:11]-----------------------------END: 2022-10-15-10:16:08------------------------------------
[INFO 2022-10-15 10:16:22]-----------------------------START: 2022-10-15-10:16:22----------------------------------
[INFO 2022-10-15 10:16:25]-----------------------------END: 2022-10-15-10:16:22------------------------------------
[INFO 2022-10-15 10:16:49]-----------------------------START: 2022-10-15-10:16:49----------------------------------
[INFO 2022-10-15 10:16:52]-----------------------------END: 2022-10-15-10:16:49------------------------------------
[INFO 2022-10-15 10:16:57]-----------------------------START: 2022-10-15-10:16:57----------------------------------
[INFO 2022-10-15 10:16:59]-----------------------------END: 2022-10-15-10:16:57------------------------------------
[INFO 2022-10-15 10:17:06]-----------------------------START: 2022-10-15-10:17:06----------------------------------
[INFO 2022-10-15 10:17:09]-----------------------------END: 2022-10-15-10:17:06------------------------------------
[INFO 2022-10-15 10:17:22]-----------------------------START: 2022-10-15-10:17:22----------------------------------
[INFO 2022-10-15 10:17:25]-----------------------------END: 2022-10-15-10:17:22------------------------------------
[INFO 2022-10-15 10:17:30]-----------------------------START: 2022-10-15-10:17:30----------------------------------
[INFO 2022-10-15 10:17:33]-----------------------------END: 2022-10-15-10:17:30------------------------------------
[INFO 2022-10-15 10:17:47]-----------------------------START: 2022-10-15-10:17:47----------------------------------
[INFO 2022-10-15 10:17:50]-----------------------------END: 2022-10-15-10:17:47------------------------------------
[INFO 2022-10-15 10:19:51]-----------------------------START: 2022-10-15-10:19:51----------------------------------
[INFO 2022-10-15 10:19:53]-----------------------------END: 2022-10-15-10:19:51------------------------------------
[INFO 2022-10-15 10:20:23]-----------------------------START: 2022-10-15-10:20:23----------------------------------
[INFO 2022-10-15 10:20:25]-----------------------------END: 2022-10-15-10:20:23------------------------------------
[INFO 2022-10-15 10:21:41]-----------------------------START: 2022-10-15-10:21:41----------------------------------
[INFO 2022-10-15 10:22:03]-----------------------------START: 2022-10-15-10:22:03----------------------------------
[INFO 2022-10-15 10:22:06]-----------------------------END: 2022-10-15-10:22:03------------------------------------
[INFO 2022-10-15 10:23:12]-----------------------------START: 2022-10-15-10:23:12----------------------------------
[INFO 2022-10-15 10:23:33]-----------------------------END: 2022-10-15-10:23:12------------------------------------
[INFO 2022-10-15 10:28:47]-----------------------------START: 2022-10-15-10:28:47----------------------------------
[INFO 2022-10-15 10:28:50]-----------------------------END: 2022-10-15-10:28:47------------------------------------
[INFO 2022-10-15 10:29:01]-----------------------------START: 2022-10-15-10:29:01----------------------------------
[INFO 2022-10-15 10:29:03]-----------------------------END: 2022-10-15-10:29:01------------------------------------
[INFO 2022-10-15 10:30:34]-----------------------------START: 2022-10-15-10:30:34----------------------------------
[INFO 2022-10-15 10:30:36]-----------------------------END: 2022-10-15-10:30:34------------------------------------
[INFO 2022-10-15 10:31:13]-----------------------------START: 2022-10-15-10:31:13----------------------------------
[INFO 2022-10-15 10:31:16]-----------------------------END: 2022-10-15-10:31:13------------------------------------
[INFO 2022-10-15 10:31:48]-----------------------------START: 2022-10-15-10:31:48----------------------------------
[INFO 2022-10-15 10:31:51]-----------------------------END: 2022-10-15-10:31:48------------------------------------
[INFO 2022-10-15 10:32:13]-----------------------------START: 2022-10-15-10:32:13----------------------------------
[INFO 2022-10-15 10:32:15]-----------------------------END: 2022-10-15-10:32:13------------------------------------
[INFO 2022-10-15 10:32:23]-----------------------------START: 2022-10-15-10:32:23----------------------------------
[INFO 2022-10-15 10:32:25]-----------------------------END: 2022-10-15-10:32:23------------------------------------
[INFO 2022-10-15 10:32:42]-----------------------------START: 2022-10-15-10:32:42----------------------------------
[INFO 2022-10-15 10:32:45]-----------------------------END: 2022-10-15-10:32:42------------------------------------
[INFO 2022-10-15 10:33:29]-----------------------------START: 2022-10-15-10:33:29----------------------------------
[INFO 2022-10-15 10:33:32]-----------------------------END: 2022-10-15-10:33:29------------------------------------
[INFO 2022-10-15 10:35:34]-----------------------------START: 2022-10-15-10:35:34----------------------------------
[INFO 2022-10-15 10:36:05]-----------------------------START: 2022-10-15-10:36:05----------------------------------
[INFO 2022-10-15 10:36:08]-----------------------------END: 2022-10-15-10:36:05------------------------------------
[INFO 2022-10-15 10:36:22]-----------------------------START: 2022-10-15-10:36:22----------------------------------
[INFO 2022-10-15 10:36:26]-----------------------------END: 2022-10-15-10:36:22------------------------------------
[INFO 2022-10-15 10:36:32]-----------------------------START: 2022-10-15-10:36:32----------------------------------
[INFO 2022-10-15 10:36:35]-----------------------------END: 2022-10-15-10:36:32------------------------------------
[INFO 2022-10-15 10:37:11]-----------------------------START: 2022-10-15-10:37:11----------------------------------
[INFO 2022-10-15 10:37:14]-----------------------------END: 2022-10-15-10:37:11------------------------------------
[INFO 2022-10-15 10:37:24]-----------------------------START: 2022-10-15-10:37:24----------------------------------
[INFO 2022-10-15 10:46:51]-----------------------------START: 2022-10-15-10:46:51----------------------------------
[INFO 2022-10-15 10:46:53]-----------------------------END: 2022-10-15-10:46:51------------------------------------
[INFO 2022-10-15 10:47:10]-----------------------------START: 2022-10-15-10:47:10----------------------------------
[INFO 2022-10-15 10:47:12]-----------------------------END: 2022-10-15-10:47:10------------------------------------
[INFO 2022-10-15 10:47:42]-----------------------------START: 2022-10-15-10:47:42----------------------------------
[INFO 2022-10-15 10:48:08]-----------------------------START: 2022-10-15-10:48:08----------------------------------
[INFO 2022-10-15 10:49:28]-----------------------------END: 2022-10-15-10:48:08------------------------------------
[INFO 2022-10-15 10:50:10]-----------------------------START: 2022-10-15-10:50:10----------------------------------
[INFO 2022-10-15 10:51:57]-----------------------------END: 2022-10-15-10:50:10------------------------------------
[INFO 2022-10-15 10:52:27]-----------------------------START: 2022-10-15-10:52:27----------------------------------
[INFO 2022-10-15 10:57:35]-----------------------------START: 2022-10-15-10:57:35----------------------------------
[INFO 2022-10-15 10:59:06]-----------------------------END: 2022-10-15-10:57:35------------------------------------
[INFO 2022-10-15 11:01:30]-----------------------------START: 2022-10-15-11:01:30----------------------------------
[INFO 2022-10-15 11:10:52]-----------------------------START: 2022-10-15-11:10:52----------------------------------
[INFO 2022-10-15 11:10:55]-----------------------------END: 2022-10-15-11:10:52------------------------------------
[INFO 2022-10-15 11:17:24]-----------------------------START: 2022-10-15-11:17:24----------------------------------
[INFO 2022-10-15 11:19:03]-----------------------------END: 2022-10-15-11:17:24------------------------------------
[DEBUG 2022-10-15 11:32:10]This is debug message
[INFO 2022-10-15 11:32:10]This is info message
[WARNING 2022-10-15 11:32:10]This is warning message
[ERROR 2022-10-15 11:32:10]This is error
[CRITICAL 2022-10-15 11:32:10]This is critical message
[INFO 2022-10-15 11:34:03]-----------------------------START: 2022-10-15-11:34:03----------------------------------
[INFO 2022-10-15 11:35:41]-----------------------------END: 2022-10-15-11:34:03------------------------------------
[INFO 2022-10-15 12:00:17]-----------------------------START: 2022-10-15-12:00:17----------------------------------
[INFO 2022-10-15 12:00:24]-----------------------------END: 2022-10-15-12:00:17------------------------------------
[INFO 2022-10-15 12:02:58]-----------------------------START: 2022-10-15-12:02:58----------------------------------
[INFO 2022-10-15 12:07:26]-----------------------------START: 2022-10-15-12:07:26----------------------------------
[INFO 2022-10-15 12:09:07]-----------------------------END: 2022-10-15-12:07:26------------------------------------
[INFO 2022-10-15 12:12:22]-----------------------------START: 2022-10-15-12:12:22----------------------------------
[INFO 2022-10-15 12:14:44]-----------------------------START: 2022-10-15-12:14:44----------------------------------
[INFO 2022-10-15 12:14:51]-----------------------------END: 2022-10-15-12:14:44------------------------------------
